<?xml version="1.0" encoding="UTF-8"?>
<testsuite name="com.maskapai.ApplicationTest" time="3.63" tests="17" errors="0" skipped="0" failures="0">
  <properties>
[...]
</properties>
  <testcase name="post_refrigerator1_item_over12" classname="com.maskapai.ApplicationTest" time="2.773"/>
  <testcase name="delete_refrigerator1_item" classname="com.maskapai.ApplicationTest" time="0.072"/>
  <testcase name="delete_refrigerator4_not_exist" classname="com.maskapai.ApplicationTest" time="0.066"/>
  <testcase name="post_refrigerator4_item_notExist" classname="com.maskapai.ApplicationTest" time="0.058"/>
  <testcase name="get_refrigerator1_item_not_exist" classname="com.maskapai.ApplicationTest" time="0.055"/>
  <testcase name="get_refrigerator1_item_exist" classname="com.maskapai.ApplicationTest" time="0.056"/>
  <testcase name="delete_refrigerator4_item_notExist" classname="com.maskapai.ApplicationTest" time="0.047"/>
  <testcase name="get_refrigerator1_not_exist" classname="com.maskapai.ApplicationTest" time="0.043"/>
  <testcase name="get_refrigerator1_exist" classname="com.maskapai.ApplicationTest" time="0.051"/>
  <testcase name="get_refrigerator1_exist_wrongToken" classname="com.maskapai.ApplicationTest" time="0.053"/>
  <testcase name="delete_refrigerator3_exist" classname="com.maskapai.ApplicationTest" time="0.041"/>
  <testcase name="post_Login_fail" classname="com.maskapai.ApplicationTest" time="0.08"/>
  <testcase name="post_refrigerator1_item_under12" classname="com.maskapai.ApplicationTest" time="0.05"/>
  <testcase name="put_refrigerator1_item_over12" classname="com.maskapai.ApplicationTest" time="0.045"/>
  <testcase name="put_refrigerator4_item_notExist" classname="com.maskapai.ApplicationTest" time="0.04"/>
  <testcase name="post_Login_succes" classname="com.maskapai.ApplicationTest" time="0.054"/>
  <testcase name="put_refrigerator1_item_under12" classname="com.maskapai.ApplicationTest" time="0.046"/>
</testsuite>